

Microchip Technology PIC LITE Macro Assembler V1.38 build -256452561 
                                                                                               Mon Aug 15 16:01:30 2016

Microchip Technology Omniscient Code Generator v1.38 (Free mode) build 201607010351
     1                           	processor	16F887
     2                           	opt	pw 120
     3                           	opt	lm
     4                           	psect	idataBANK0,global,class=CODE,delta=2
     5                           	psect	cinit,global,class=CODE,merge=1,delta=2
     6                           	psect	bssCOMMON,global,class=COMMON,space=1,delta=1
     7                           	psect	dataBANK0,global,class=BANK0,space=1,delta=1
     8                           	psect	bssBANK1,global,class=BANK1,space=1,delta=1
     9                           	psect	clrtext,global,class=CODE,delta=2
    10                           	psect	cstackCOMMON,global,class=COMMON,space=1,delta=1
    11                           	psect	cstackBANK0,global,class=BANK0,space=1,delta=1
    12                           	psect	maintext,global,class=CODE,split=1,delta=2
    13                           	psect	text1,local,class=CODE,merge=1,delta=2
    14                           	psect	text2,local,class=CODE,merge=1,delta=2
    15                           	psect	text3,local,class=CODE,merge=1,delta=2
    16                           	psect	text4,local,class=CODE,merge=1,delta=2
    17                           	psect	text5,local,class=CODE,merge=1,delta=2
    18                           	psect	text6,local,class=CODE,merge=1,delta=2
    19                           	dabs	1,0x7E,2
    20  0000                     	;# 
    21  0001                     	;# 
    22  0002                     	;# 
    23  0003                     	;# 
    24  0004                     	;# 
    25  0005                     	;# 
    26  0006                     	;# 
    27  0007                     	;# 
    28  0008                     	;# 
    29  0009                     	;# 
    30  000A                     	;# 
    31  000B                     	;# 
    32  000C                     	;# 
    33  000D                     	;# 
    34  000E                     	;# 
    35  000E                     	;# 
    36  000F                     	;# 
    37  0010                     	;# 
    38  0011                     	;# 
    39  0012                     	;# 
    40  0013                     	;# 
    41  0014                     	;# 
    42  0015                     	;# 
    43  0015                     	;# 
    44  0016                     	;# 
    45  0017                     	;# 
    46  0018                     	;# 
    47  0019                     	;# 
    48  001A                     	;# 
    49  001B                     	;# 
    50  001B                     	;# 
    51  001C                     	;# 
    52  001D                     	;# 
    53  001E                     	;# 
    54  001F                     	;# 
    55  0081                     	;# 
    56  0085                     	;# 
    57  0086                     	;# 
    58  0087                     	;# 
    59  0088                     	;# 
    60  0089                     	;# 
    61  008C                     	;# 
    62  008D                     	;# 
    63  008E                     	;# 
    64  008F                     	;# 
    65  0090                     	;# 
    66  0091                     	;# 
    67  0092                     	;# 
    68  0093                     	;# 
    69  0093                     	;# 
    70  0093                     	;# 
    71  0094                     	;# 
    72  0095                     	;# 
    73  0096                     	;# 
    74  0097                     	;# 
    75  0098                     	;# 
    76  0099                     	;# 
    77  009A                     	;# 
    78  009B                     	;# 
    79  009C                     	;# 
    80  009D                     	;# 
    81  009E                     	;# 
    82  009F                     	;# 
    83  0105                     	;# 
    84  0107                     	;# 
    85  0108                     	;# 
    86  0109                     	;# 
    87  010C                     	;# 
    88  010C                     	;# 
    89  010D                     	;# 
    90  010E                     	;# 
    91  010F                     	;# 
    92  0185                     	;# 
    93  0187                     	;# 
    94  0188                     	;# 
    95  0189                     	;# 
    96  018C                     	;# 
    97  018D                     	;# 
    98                           
    99                           	psect	idataBANK0
   100  04E6                     __pidataBANK0:	
   101                           
   102                           ;initializer for main@F1709
   103  04E6  3441               	retlw	65
   104  04E7  3442               	retlw	66
   105  04E8  3443               	retlw	67
   106  04E9  3444               	retlw	68
   107  04EA  3445               	retlw	69
   108  04EB  3446               	retlw	70
   109  000B                     _INTCON	set	11
   110  000B                     _INTCONbits	set	11
   111  000C                     _PIR1bits	set	12
   112  000D                     _PIR2bits	set	13
   113  0005                     _PORTA	set	5
   114  0005                     _PORTAbits	set	5
   115  0006                     _PORTB	set	6
   116  0008                     _PORTD	set	8
   117  001A                     _RCREG	set	26
   118  0018                     _RCSTAbits	set	24
   119  0019                     _TXREG	set	25
   120  005F                     _GIE	set	95
   121  0065                     _RCIF	set	101
   122  008F                     _OSCCONbits	set	143
   123  008C                     _PIE1bits	set	140
   124  0099                     _SPBRG	set	153
   125  0085                     _TRISA	set	133
   126  0086                     _TRISB	set	134
   127  0088                     _TRISD	set	136
   128  0098                     _TXSTAbits	set	152
   129  010D                     _EEADR	set	269
   130  010C                     _EEDATA	set	268
   131  0187                     _BAUDCTLbits	set	391
   132  018C                     _EECON1bits	set	396
   133  018D                     _EECON2	set	397
   134                           
   135                           ; #config settings
   136  0000                     
   137                           	psect	cinit
   138  07CF                     start_initialization:	
   139  07CF                     __initialization:	
   140                           
   141                           ; Initialize objects allocated to BANK0
   142  07CF  120A  118A  24E6  120A  118A  	fcall	__pidataBANK0	;fetch initializer
   143  07D4  00BD               	movwf	__pdataBANK0& (0+127)
   144  07D5  120A  118A  24E7  120A  118A  	fcall	__pidataBANK0+1	;fetch initializer
   145  07DA  00BE               	movwf	(__pdataBANK0+1)& (0+127)
   146  07DB  120A  118A  24E8  120A  118A  	fcall	__pidataBANK0+2	;fetch initializer
   147  07E0  00BF               	movwf	(__pdataBANK0+2)& (0+127)
   148  07E1  120A  118A  24E9  120A  118A  	fcall	__pidataBANK0+3	;fetch initializer
   149  07E6  00C0               	movwf	(__pdataBANK0+3)& (0+127)
   150  07E7  120A  118A  24EA  120A  118A  	fcall	__pidataBANK0+4	;fetch initializer
   151  07EC  00C1               	movwf	(__pdataBANK0+4)& (0+127)
   152  07ED  120A  118A  24EB  120A  118A  	fcall	__pidataBANK0+5	;fetch initializer
   153  07F2  00C2               	movwf	(__pdataBANK0+5)& (0+127)
   154                           
   155                           ; Clear objects allocated to BANK1
   156  07F3  1383               	bcf	3,7	;select IRP bank0
   157  07F4  30A0               	movlw	low __pbssBANK1
   158  07F5  0084               	movwf	4
   159  07F6  30E0               	movlw	low (__pbssBANK1+64)
   160  07F7  120A  118A  24F4   	fcall	clear_ram0
   161                           
   162                           ; Clear objects allocated to COMMON
   163  07FA  01F8               	clrf	__pbssCOMMON& (0+127)
   164  07FB  01F9               	clrf	(__pbssCOMMON+1)& (0+127)
   165  07FC                     end_of_initialization:	
   166                           ;End of C runtime variable initialization code
   167                           
   168  07FC                     __end_of__initialization:	
   169  07FC  0183               	clrf	3
   170  07FD  120A  118A  2D8E   	ljmp	_main	;jump to C main() function
   171                           
   172                           	psect	bssCOMMON
   173  0078                     __pbssCOMMON:	
   174  0078                     _UQEnd:	
   175  0078                     	ds	1
   176  0079                     _UQFront:	
   177  0079                     	ds	1
   178                           
   179                           	psect	dataBANK0
   180  003D                     __pdataBANK0:	
   181  003D                     main@F1709:	
   182  003D                     	ds	6
   183                           
   184                           	psect	bssBANK1
   185  00A0                     __pbssBANK1:	
   186  00A0                     _URBuff:	
   187  00A0                     	ds	64
   188                           
   189                           	psect	clrtext
   190  04F4                     clear_ram0:	
   191                           ;	Called with FSR containing the base address, and
   192                           ;	W with the last address+1
   193                           
   194  04F4  0064               	clrwdt	;clear the watchdog before getting into this loop
   195  04F5                     clrloop0:	
   196  04F5  0180               	clrf	0	;clear RAM location pointed to by FSR
   197  04F6  0A84               	incf	4,f	;increment pointer
   198  04F7  0604               	xorwf	4,w	;XOR with final address
   199  04F8  1903               	btfsc	3,2	;have we reached the end yet?
   200  04F9  3400               	retlw	0	;all done for this memory range, return
   201  04FA  0604               	xorwf	4,w	;XOR again to restore value
   202  04FB  2CF5               	goto	clrloop0	;do the next byte
   203                           
   204                           	psect	cstackCOMMON
   205  0070                     __pcstackCOMMON:	
   206  0070                     ?_USARTInit:	
   207  0070                     ?_UART_Read:	
   208                           ; 1 bytes @ 0x0
   209                           
   210  0070                     ??_UART_Read:	
   211                           ; 1 bytes @ 0x0
   212                           
   213  0070                     ?_Test:	
   214                           ; 1 bytes @ 0x0
   215                           
   216  0070                     ??_Test:	
   217                           ; 1 bytes @ 0x0
   218                           
   219  0070                     ?_USARTWriteChar:	
   220                           ; 1 bytes @ 0x0
   221                           
   222  0070                     ??_USARTWriteChar:	
   223                           ; 1 bytes @ 0x0
   224                           
   225  0070                     ?_writeEEPROM:	
   226                           ; 1 bytes @ 0x0
   227                           
   228  0070                     ?_readEEPROM:	
   229                           ; 1 bytes @ 0x0
   230                           
   231  0070                     ??_readEEPROM:	
   232                           ; 1 bytes @ 0x0
   233                           
   234  0070                     ?_main:	
   235                           ; 1 bytes @ 0x0
   236                           
   237  0070                     USARTWriteChar@ch:	
   238                           ; 1 bytes @ 0x0
   239                           
   240  0070                     writeEEPROM@datas:	
   241                           ; 1 bytes @ 0x0
   242                           
   243  0070                     readEEPROM@address:	
   244                           ; 1 bytes @ 0x0
   245                           
   246  0070                     USARTInit@baud_rate:	
   247                           ; 1 bytes @ 0x0
   248                           
   249                           
   250                           ; 2 bytes @ 0x0
   251  0070                     	ds	1
   252  0071                     ??_writeEEPROM:	
   253                           
   254                           ; 1 bytes @ 0x1
   255  0071                     	ds	1
   256  0072                     ??_USARTInit:	
   257  0072                     writeEEPROM@address:	
   258                           ; 1 bytes @ 0x2
   259                           
   260                           
   261                           ; 1 bytes @ 0x2
   262  0072                     	ds	1
   263  0073                     writeEEPROM@INTCON_SAVE:	
   264  0073                     Test@d:	
   265                           ; 1 bytes @ 0x3
   266                           
   267                           
   268                           ; 2 bytes @ 0x3
   269  0073                     	ds	2
   270  0075                     ??_main:	
   271                           
   272                           ; 1 bytes @ 0x5
   273  0075                     	ds	3
   274                           
   275                           	psect	cstackBANK0
   276  0020                     __pcstackBANK0:	
   277  0020                     main@pwd:	
   278                           
   279                           ; 6 bytes @ 0x0
   280  0020                     	ds	6
   281  0026                     main@cont1:	
   282                           
   283                           ; 2 bytes @ 0x6
   284  0026                     	ds	2
   285  0028                     main@va2:	
   286                           
   287                           ; 2 bytes @ 0x8
   288  0028                     	ds	2
   289  002A                     main@va:	
   290                           
   291                           ; 2 bytes @ 0xA
   292  002A                     	ds	2
   293  002C                     main@addresW:	
   294                           
   295                           ; 1 bytes @ 0xC
   296  002C                     	ds	1
   297  002D                     main@addresW1:	
   298                           
   299                           ; 1 bytes @ 0xD
   300  002D                     	ds	1
   301  002E                     main@cont:	
   302                           
   303                           ; 2 bytes @ 0xE
   304  002E                     	ds	2
   305  0030                     main@j:	
   306                           
   307                           ; 2 bytes @ 0x10
   308  0030                     	ds	2
   309  0032                     main@u:	
   310                           
   311                           ; 2 bytes @ 0x12
   312  0032                     	ds	2
   313  0034                     main@v1:	
   314                           
   315                           ; 2 bytes @ 0x14
   316  0034                     	ds	2
   317  0036                     main@y:	
   318                           
   319                           ; 1 bytes @ 0x16
   320  0036                     	ds	1
   321  0037                     main@k:	
   322                           
   323                           ; 2 bytes @ 0x17
   324  0037                     	ds	2
   325  0039                     main@w:	
   326                           
   327                           ; 2 bytes @ 0x19
   328  0039                     	ds	2
   329  003B                     main@i:	
   330                           
   331                           ; 2 bytes @ 0x1B
   332  003B                     	ds	2
   333                           
   334                           	psect	maintext
   335  058E                     __pmaintext:	
   336 ;;
   337 ;;Main: autosize = 0, tempsize = 3, incstack = 0, save=0
   338 ;;
   339 ;; *************** function _main *****************
   340 ;; Defined at:
   341 ;;		line 119 in file "newmain.c"
   342 ;; Parameters:    Size  Location     Type
   343 ;;		None
   344 ;; Auto vars:     Size  Location     Type
   345 ;;  k               2   23[BANK0 ] int 
   346 ;;  j               2   16[BANK0 ] int 
   347 ;;  v1              2   20[BANK0 ] int 
   348 ;;  y               1   22[BANK0 ] unsigned char 
   349 ;;  addresW1        1   13[BANK0 ] unsigned char 
   350 ;;  addresW         1   12[BANK0 ] unsigned char 
   351 ;;  w               2   25[BANK0 ] int 
   352 ;;  u               2   18[BANK0 ] int 
   353 ;;  i               2   27[BANK0 ] int 
   354 ;;  va              2   10[BANK0 ] int 
   355 ;;  va2             2    8[BANK0 ] int 
   356 ;;  pwd             6    0[BANK0 ] unsigned char [6]
   357 ;;  cont            2   14[BANK0 ] int 
   358 ;;  cont1           2    6[BANK0 ] int 
   359 ;; Return value:  Size  Location     Type
   360 ;;                  1    wreg      void 
   361 ;; Registers used:
   362 ;;		wreg, fsr0l, fsr0h, status,2, status,0, btemp+1, pclath, cstack
   363 ;; Tracked objects:
   364 ;;		On entry : B00/0
   365 ;;		On exit  : 0/0
   366 ;;		Unchanged: 0/0
   367 ;; Data sizes:     COMMON   BANK0   BANK1   BANK3   BANK2
   368 ;;      Params:         0       0       0       0       0
   369 ;;      Locals:         0      29       0       0       0
   370 ;;      Temps:          3       0       0       0       0
   371 ;;      Totals:         3      29       0       0       0
   372 ;;Total ram usage:       32 bytes
   373 ;; Hardware stack levels required when called:    1
   374 ;; This function calls:
   375 ;;		_Test
   376 ;;		_UART_Read
   377 ;;		_USARTInit
   378 ;;		_USARTWriteChar
   379 ;;		_readEEPROM
   380 ;;		_writeEEPROM
   381 ;; This function is called by:
   382 ;;		Startup code after reset
   383 ;; This function uses a non-reentrant model
   384 ;;
   385                           
   386                           
   387                           ;psect for function _main
   388  058E                     _main:	
   389                           
   390                           ;newmain.c: 120: OSCCONbits.IRCF = 0b111;
   391                           
   392                           ;incstack = 0
   393                           ; Regs used in _main: [wreg-fsr0h+status,2+status,0+btemp+1+pclath+cstack]
   394  058E  3070               	movlw	112
   395  058F  1683               	bsf	3,5	;RP0=1, select bank1
   396  0590  1303               	bcf	3,6	;RP1=0, select bank1
   397  0591  048F               	iorwf	15,f	;volatile
   398                           
   399                           ;newmain.c: 121: TRISB = 0x00;
   400  0592  0186               	clrf	6	;volatile
   401                           
   402                           ;newmain.c: 122: TRISD = 0x00;
   403  0593  0188               	clrf	8	;volatile
   404                           
   405                           ;newmain.c: 123: PORTD = 0x00;
   406  0594  1283               	bcf	3,5	;RP0=0, select bank0
   407  0595  1303               	bcf	3,6	;RP1=0, select bank0
   408  0596  0188               	clrf	8	;volatile
   409                           
   410                           ;newmain.c: 124: PORTB = 0x00;
   411  0597  0186               	clrf	6	;volatile
   412                           
   413                           ;newmain.c: 125: TRISA = 0x00;
   414  0598  1683               	bsf	3,5	;RP0=1, select bank1
   415  0599  1303               	bcf	3,6	;RP1=0, select bank1
   416  059A  0185               	clrf	5	;volatile
   417                           
   418                           ;newmain.c: 126: PORTA = 0x00;
   419  059B  1283               	bcf	3,5	;RP0=0, select bank0
   420  059C  1303               	bcf	3,6	;RP1=0, select bank0
   421  059D  0185               	clrf	5	;volatile
   422                           
   423                           ;newmain.c: 127: Test();
   424  059E  120A  118A  2560  120A  118A  	fcall	_Test
   425                           
   426                           ;newmain.c: 128: USARTInit(9600);
   427  05A3  3080               	movlw	128
   428  05A4  00F0               	movwf	USARTInit@baud_rate
   429  05A5  3025               	movlw	37
   430  05A6  00F1               	movwf	USARTInit@baud_rate+1
   431  05A7  120A  118A  2536  120A  118A  	fcall	_USARTInit
   432                           
   433                           ;newmain.c: 129: char pwd[] = {0x41,0x42,0x43,0x44,0x45,0x46};
   434  05AC  3020               	movlw	main@pwd& (0+255)
   435  05AD  0084               	movwf	4
   436  05AE  1283               	bcf	3,5	;RP0=0, select bank0
   437  05AF  1303               	bcf	3,6	;RP1=0, select bank0
   438  05B0  083D               	movf	main@F1709,w
   439  05B1  1383               	bcf	3,7	;select IRP bank0
   440  05B2  0080               	movwf	0
   441  05B3  0A84               	incf	4,f
   442  05B4  083E               	movf	main@F1709+1,w
   443  05B5  0080               	movwf	0
   444  05B6  0A84               	incf	4,f
   445  05B7  083F               	movf	main@F1709+2,w
   446  05B8  0080               	movwf	0
   447  05B9  0A84               	incf	4,f
   448  05BA  0840               	movf	main@F1709+3,w
   449  05BB  0080               	movwf	0
   450  05BC  0A84               	incf	4,f
   451  05BD  0841               	movf	main@F1709+4,w
   452  05BE  0080               	movwf	0
   453  05BF  0A84               	incf	4,f
   454  05C0  0842               	movf	main@F1709+5,w
   455  05C1  0080               	movwf	0
   456                           
   457                           ;newmain.c: 130: int cont = 0;
   458  05C2  01AE               	clrf	main@cont
   459  05C3  01AF               	clrf	main@cont+1
   460                           
   461                           ;newmain.c: 131: int cont1 = 0;
   462  05C4  01A6               	clrf	main@cont1
   463  05C5  01A7               	clrf	main@cont1+1
   464  05C6                     l903:	
   465                           ;newmain.c: 132: while(1)
   466                           
   467                           
   468                           ;newmain.c: 133: {
   469                           ;newmain.c: 134: if(readEEPROM(0x8E) == 0xFF)
   470  05C6  308E               	movlw	142
   471  05C7  120A  118A  2509  120A  118A  	fcall	_readEEPROM
   472  05CC  3AFF               	xorlw	255
   473  05CD  1D03               	skipz
   474  05CE  2F44               	goto	l99
   475                           
   476                           ;newmain.c: 135: {
   477                           ;newmain.c: 136: int va2 = 0;
   478  05CF  1283               	bcf	3,5	;RP0=0, select bank0
   479  05D0  1303               	bcf	3,6	;RP1=0, select bank0
   480  05D1  01A8               	clrf	main@va2
   481  05D2  01A9               	clrf	main@va2+1
   482  05D3                     l1001:	
   483                           ;newmain.c: 137: while(va2 == 0)
   484                           
   485  05D3  0828               	movf	main@va2,w
   486  05D4  0429               	iorwf	main@va2+1,w
   487  05D5  1D03               	btfss	3,2
   488  05D6  2F2E               	goto	l1003
   489                           
   490                           ;newmain.c: 138: {
   491                           ;newmain.c: 139: int va = 0;
   492  05D7  01AA               	clrf	main@va
   493  05D8  01AB               	clrf	main@va+1
   494                           
   495                           ;newmain.c: 140: int i = 0;
   496  05D9  01BB               	clrf	main@i
   497  05DA  01BC               	clrf	main@i+1
   498  05DB  083C               	movf	main@i+1,w
   499  05DC  3A80               	xorlw	128
   500  05DD  00FF               	movwf	127
   501  05DE  3080               	movlw	128
   502  05DF  027F               	subwf	127,w
   503  05E0  1D03               	skipz
   504  05E1  2DE4               	goto	u275
   505  05E2  3006               	movlw	6
   506  05E3  023B               	subwf	main@i,w
   507  05E4                     u275:	
   508  05E4  1803               	btfsc	3,0
   509  05E5  2E2D               	goto	l929
   510  05E6                     l102:	
   511                           
   512                           ;newmain.c: 142: {
   513                           ;newmain.c: 143: PORTAbits.RA1 = 1;
   514  05E6  1283               	bcf	3,5	;RP0=0, select bank0
   515  05E7  1303               	bcf	3,6	;RP1=0, select bank0
   516  05E8  1485               	bsf	5,1	;volatile
   517                           
   518                           ;newmain.c: 144: _delay((unsigned long)((100)*(8000000/4000.0)));
   519  05E9  3002               	movlw	2
   520  05EA  00F7               	movwf	??_main+2
   521  05EB  3004               	movlw	4
   522  05EC  00F6               	movwf	??_main+1
   523  05ED  30BA               	movlw	186
   524  05EE  00F5               	movwf	??_main
   525  05EF                     u437:	
   526  05EF  0BF5               	decfsz	??_main,f
   527  05F0  2DEF               	goto	u437
   528  05F1  0BF6               	decfsz	??_main+1,f
   529  05F2  2DEF               	goto	u437
   530  05F3  0BF7               	decfsz	??_main+2,f
   531  05F4  2DEF               	goto	u437
   532  05F5  0000               	nop
   533                           
   534                           ;newmain.c: 145: PORTAbits.RA1 = 0;
   535  05F6  1283               	bcf	3,5	;RP0=0, select bank0
   536  05F7  1303               	bcf	3,6	;RP1=0, select bank0
   537  05F8  1085               	bcf	5,1	;volatile
   538                           
   539                           ;newmain.c: 146: if(pwd[i] == UART_Read())
   540  05F9  083B               	movf	main@i,w
   541  05FA  3E20               	addlw	(low (main@pwd| 0))& (0+255)
   542  05FB  0084               	movwf	4
   543  05FC  120A  118A  24FC  120A  118A  	fcall	_UART_Read
   544  0601  1383               	bcf	3,7	;select IRP bank0
   545  0602  0600               	xorwf	0,w
   546  0603  1D03               	skipz
   547  0604  2E0E               	goto	l921
   548                           
   549                           ;newmain.c: 147: {
   550                           ;newmain.c: 148: va++;
   551  0605  3001               	movlw	1
   552  0606  1283               	bcf	3,5	;RP0=0, select bank0
   553  0607  1303               	bcf	3,6	;RP1=0, select bank0
   554  0608  07AA               	addwf	main@va,f
   555  0609  1803               	skipnc
   556  060A  0AAB               	incf	main@va+1,f
   557  060B  3000               	movlw	0
   558  060C  07AB               	addwf	main@va+1,f
   559                           
   560                           ;newmain.c: 149: }
   561  060D  2E1A               	goto	l925
   562  060E                     l921:	
   563                           
   564                           ;newmain.c: 150: else
   565                           ;newmain.c: 151: {
   566                           ;newmain.c: 152: i = 5;
   567  060E  3005               	movlw	5
   568  060F  1283               	bcf	3,5	;RP0=0, select bank0
   569  0610  1303               	bcf	3,6	;RP1=0, select bank0
   570  0611  00BB               	movwf	main@i
   571  0612  3000               	movlw	0
   572  0613  00BC               	movwf	main@i+1
   573                           
   574                           ;newmain.c: 153: USARTWriteChar(0x40);
   575  0614  3040               	movlw	64
   576  0615  120A  118A  24EC  120A  118A  	fcall	_USARTWriteChar
   577  061A                     l925:	
   578  061A  3001               	movlw	1
   579  061B  1283               	bcf	3,5	;RP0=0, select bank0
   580  061C  1303               	bcf	3,6	;RP1=0, select bank0
   581  061D  07BB               	addwf	main@i,f
   582  061E  1803               	skipnc
   583  061F  0ABC               	incf	main@i+1,f
   584  0620  3000               	movlw	0
   585  0621  07BC               	addwf	main@i+1,f
   586  0622  083C               	movf	main@i+1,w
   587  0623  3A80               	xorlw	128
   588  0624  00FF               	movwf	127
   589  0625  3080               	movlw	128
   590  0626  027F               	subwf	127,w
   591  0627  1D03               	skipz
   592  0628  2E2B               	goto	u295
   593  0629  3006               	movlw	6
   594  062A  023B               	subwf	main@i,w
   595  062B                     u295:	
   596  062B  1C03               	skipc
   597  062C  2DE6               	goto	l102
   598  062D                     l929:	
   599                           
   600                           ;newmain.c: 154: }
   601                           ;newmain.c: 155: }
   602                           ;newmain.c: 156: if(va == 6)
   603  062D  3006               	movlw	6
   604  062E  1283               	bcf	3,5	;RP0=0, select bank0
   605  062F  1303               	bcf	3,6	;RP1=0, select bank0
   606  0630  062A               	xorwf	main@va,w
   607  0631  042B               	iorwf	main@va+1,w
   608  0632  1D03               	btfss	3,2
   609  0633  2DD3               	goto	l1001
   610                           
   611                           ;newmain.c: 157: {
   612                           ;newmain.c: 158: USARTWriteChar(0x3F);
   613  0634  303F               	movlw	63
   614  0635  120A  118A  24EC  120A  118A  	fcall	_USARTWriteChar
   615                           
   616                           ;newmain.c: 159: char addresW = 0x00;
   617  063A  1283               	bcf	3,5	;RP0=0, select bank0
   618  063B  1303               	bcf	3,6	;RP1=0, select bank0
   619  063C  01AC               	clrf	main@addresW
   620                           
   621                           ;newmain.c: 160: char addresW1 = 0x34;
   622  063D  3034               	movlw	52
   623  063E  00F5               	movwf	??_main
   624  063F  0875               	movf	??_main,w
   625  0640  00AD               	movwf	main@addresW1
   626                           
   627                           ;newmain.c: 161: int v1 = 0;
   628  0641  01B4               	clrf	main@v1
   629  0642  01B5               	clrf	main@v1+1
   630                           
   631                           ;newmain.c: 162: char y = 0x00;
   632  0643  01B6               	clrf	main@y
   633  0644                     l951:	
   634                           ;newmain.c: 163: while(v1 == 0)
   635                           
   636  0644  1283               	bcf	3,5	;RP0=0, select bank0
   637  0645  1303               	bcf	3,6	;RP1=0, select bank0
   638  0646  0834               	movf	main@v1,w
   639  0647  0435               	iorwf	main@v1+1,w
   640  0648  1D03               	btfss	3,2
   641  0649  2E79               	goto	l953
   642                           
   643                           ;newmain.c: 164: {
   644                           ;newmain.c: 165: y = UART_Read();
   645  064A  120A  118A  24FC  120A  118A  	fcall	_UART_Read
   646  064F  00F5               	movwf	??_main
   647  0650  0875               	movf	??_main,w
   648  0651  1283               	bcf	3,5	;RP0=0, select bank0
   649  0652  1303               	bcf	3,6	;RP1=0, select bank0
   650  0653  00B6               	movwf	main@y
   651                           
   652                           ;newmain.c: 166: writeEEPROM(addresW , y);
   653  0654  0836               	movf	main@y,w
   654  0655  00F5               	movwf	??_main
   655  0656  0875               	movf	??_main,w
   656  0657  00F0               	movwf	writeEEPROM@datas
   657  0658  082C               	movf	main@addresW,w
   658  0659  120A  118A  2516  120A  118A  	fcall	_writeEEPROM
   659                           
   660                           ;newmain.c: 168: addresW++;
   661  065E  3001               	movlw	1
   662  065F  00F5               	movwf	??_main
   663  0660  0875               	movf	??_main,w
   664  0661  1283               	bcf	3,5	;RP0=0, select bank0
   665  0662  1303               	bcf	3,6	;RP1=0, select bank0
   666  0663  07AC               	addwf	main@addresW,f
   667                           
   668                           ;newmain.c: 169: cont++;
   669  0664  3001               	movlw	1
   670  0665  07AE               	addwf	main@cont,f
   671  0666  1803               	skipnc
   672  0667  0AAF               	incf	main@cont+1,f
   673  0668  3000               	movlw	0
   674  0669  07AF               	addwf	main@cont+1,f
   675                           
   676                           ;newmain.c: 170: if(UART_Read() == 0x3F)
   677  066A  120A  118A  24FC  120A  118A  	fcall	_UART_Read
   678  066F  3A3F               	xorlw	63
   679  0670  1D03               	skipz
   680  0671  2E44               	goto	l951
   681                           
   682                           ;newmain.c: 171: {
   683                           ;newmain.c: 172: v1 = 1;
   684  0672  3001               	movlw	1
   685  0673  1283               	bcf	3,5	;RP0=0, select bank0
   686  0674  1303               	bcf	3,6	;RP1=0, select bank0
   687  0675  00B4               	movwf	main@v1
   688  0676  3000               	movlw	0
   689  0677  00B5               	movwf	main@v1+1
   690  0678  2E44               	goto	l951
   691  0679                     l953:	
   692                           
   693                           ;newmain.c: 173: }
   694                           ;newmain.c: 174: }
   695                           ;newmain.c: 175: for(int j=0 ; j < cont ; j++)
   696  0679  01B0               	clrf	main@j
   697  067A  01B1               	clrf	main@j+1
   698  067B                     l965:	
   699  067B  0831               	movf	main@j+1,w
   700  067C  3A80               	xorlw	128
   701  067D  00F5               	movwf	??_main
   702  067E  082F               	movf	main@cont+1,w
   703  067F  3A80               	xorlw	128
   704  0680  0275               	subwf	??_main,w
   705  0681  1D03               	skipz
   706  0682  2E85               	goto	u335
   707  0683  082E               	movf	main@cont,w
   708  0684  0230               	subwf	main@j,w
   709  0685                     u335:	
   710  0685  1803               	btfsc	3,0
   711  0686  2EAE               	goto	l967
   712                           
   713                           ;newmain.c: 176: {
   714                           ;newmain.c: 177: USARTWriteChar(readEEPROM(j));
   715  0687  1283               	bcf	3,5	;RP0=0, select bank0
   716  0688  1303               	bcf	3,6	;RP1=0, select bank0
   717  0689  0830               	movf	main@j,w
   718  068A  120A  118A  2509  120A  118A  	fcall	_readEEPROM
   719  068F  120A  118A  24EC  120A  118A  	fcall	_USARTWriteChar
   720                           
   721                           ;newmain.c: 178: PORTAbits.RA1 = 1;
   722  0694  1283               	bcf	3,5	;RP0=0, select bank0
   723  0695  1303               	bcf	3,6	;RP1=0, select bank0
   724  0696  1485               	bsf	5,1	;volatile
   725                           
   726                           ;newmain.c: 179: _delay((unsigned long)((100)*(8000000/4000.0)));
   727  0697  3002               	movlw	2
   728  0698  00F7               	movwf	??_main+2
   729  0699  3004               	movlw	4
   730  069A  00F6               	movwf	??_main+1
   731  069B  30BA               	movlw	186
   732  069C  00F5               	movwf	??_main
   733  069D                     u447:	
   734  069D  0BF5               	decfsz	??_main,f
   735  069E  2E9D               	goto	u447
   736  069F  0BF6               	decfsz	??_main+1,f
   737  06A0  2E9D               	goto	u447
   738  06A1  0BF7               	decfsz	??_main+2,f
   739  06A2  2E9D               	goto	u447
   740  06A3  0000               	nop
   741                           
   742                           ;newmain.c: 180: PORTAbits.RA1 = 0;
   743  06A4  1283               	bcf	3,5	;RP0=0, select bank0
   744  06A5  1303               	bcf	3,6	;RP1=0, select bank0
   745  06A6  1085               	bcf	5,1	;volatile
   746  06A7  3001               	movlw	1
   747  06A8  07B0               	addwf	main@j,f
   748  06A9  1803               	skipnc
   749  06AA  0AB1               	incf	main@j+1,f
   750  06AB  3000               	movlw	0
   751  06AC  07B1               	addwf	main@j+1,f
   752  06AD  2E7B               	goto	l965
   753  06AE                     l967:	
   754                           
   755                           ;newmain.c: 181: }
   756                           ;newmain.c: 182: v1 = 0;
   757  06AE  1283               	bcf	3,5	;RP0=0, select bank0
   758  06AF  1303               	bcf	3,6	;RP1=0, select bank0
   759  06B0  01B4               	clrf	main@v1
   760  06B1  01B5               	clrf	main@v1+1
   761  06B2                     l979:	
   762                           ;newmain.c: 183: while(v1 == 0)
   763                           
   764  06B2  1283               	bcf	3,5	;RP0=0, select bank0
   765  06B3  1303               	bcf	3,6	;RP1=0, select bank0
   766  06B4  0834               	movf	main@v1,w
   767  06B5  0435               	iorwf	main@v1+1,w
   768  06B6  1D03               	btfss	3,2
   769  06B7  2EE7               	goto	l981
   770                           
   771                           ;newmain.c: 184: {
   772                           ;newmain.c: 185: y = UART_Read();
   773  06B8  120A  118A  24FC  120A  118A  	fcall	_UART_Read
   774  06BD  00F5               	movwf	??_main
   775  06BE  0875               	movf	??_main,w
   776  06BF  1283               	bcf	3,5	;RP0=0, select bank0
   777  06C0  1303               	bcf	3,6	;RP1=0, select bank0
   778  06C1  00B6               	movwf	main@y
   779                           
   780                           ;newmain.c: 186: writeEEPROM(addresW1 , y);
   781  06C2  0836               	movf	main@y,w
   782  06C3  00F5               	movwf	??_main
   783  06C4  0875               	movf	??_main,w
   784  06C5  00F0               	movwf	writeEEPROM@datas
   785  06C6  082D               	movf	main@addresW1,w
   786  06C7  120A  118A  2516  120A  118A  	fcall	_writeEEPROM
   787                           
   788                           ;newmain.c: 187: addresW1++;
   789  06CC  3001               	movlw	1
   790  06CD  00F5               	movwf	??_main
   791  06CE  0875               	movf	??_main,w
   792  06CF  1283               	bcf	3,5	;RP0=0, select bank0
   793  06D0  1303               	bcf	3,6	;RP1=0, select bank0
   794  06D1  07AD               	addwf	main@addresW1,f
   795                           
   796                           ;newmain.c: 188: cont1++;
   797  06D2  3001               	movlw	1
   798  06D3  07A6               	addwf	main@cont1,f
   799  06D4  1803               	skipnc
   800  06D5  0AA7               	incf	main@cont1+1,f
   801  06D6  3000               	movlw	0
   802  06D7  07A7               	addwf	main@cont1+1,f
   803                           
   804                           ;newmain.c: 189: if(UART_Read() == 0x3F)
   805  06D8  120A  118A  24FC  120A  118A  	fcall	_UART_Read
   806  06DD  3A3F               	xorlw	63
   807  06DE  1D03               	skipz
   808  06DF  2EB2               	goto	l979
   809                           
   810                           ;newmain.c: 190: {
   811                           ;newmain.c: 191: v1 = 1;
   812  06E0  3001               	movlw	1
   813  06E1  1283               	bcf	3,5	;RP0=0, select bank0
   814  06E2  1303               	bcf	3,6	;RP1=0, select bank0
   815  06E3  00B4               	movwf	main@v1
   816  06E4  3000               	movlw	0
   817  06E5  00B5               	movwf	main@v1+1
   818  06E6  2EB2               	goto	l979
   819  06E7                     l981:	
   820                           
   821                           ;newmain.c: 192: }
   822                           ;newmain.c: 193: }
   823                           ;newmain.c: 194: for(int k=52 ; k < 59 ; k++)
   824  06E7  3034               	movlw	52
   825  06E8  00B7               	movwf	main@k
   826  06E9  3000               	movlw	0
   827  06EA  00B8               	movwf	main@k+1
   828  06EB  0838               	movf	main@k+1,w
   829  06EC  3A80               	xorlw	128
   830  06ED  00FF               	movwf	127
   831  06EE  3080               	movlw	128
   832  06EF  027F               	subwf	127,w
   833  06F0  1D03               	skipz
   834  06F1  2EF4               	goto	u365
   835  06F2  303B               	movlw	59
   836  06F3  0237               	subwf	main@k,w
   837  06F4                     u365:	
   838  06F4  1803               	btfsc	3,0
   839  06F5  2F27               	goto	l999
   840  06F6                     l987:	
   841                           
   842                           ;newmain.c: 195: {
   843                           ;newmain.c: 196: USARTWriteChar(readEEPROM(k));
   844  06F6  1283               	bcf	3,5	;RP0=0, select bank0
   845  06F7  1303               	bcf	3,6	;RP1=0, select bank0
   846  06F8  0837               	movf	main@k,w
   847  06F9  120A  118A  2509  120A  118A  	fcall	_readEEPROM
   848  06FE  120A  118A  24EC  120A  118A  	fcall	_USARTWriteChar
   849                           
   850                           ;newmain.c: 197: PORTAbits.RA1 = 1;
   851  0703  1283               	bcf	3,5	;RP0=0, select bank0
   852  0704  1303               	bcf	3,6	;RP1=0, select bank0
   853  0705  1485               	bsf	5,1	;volatile
   854                           
   855                           ;newmain.c: 198: _delay((unsigned long)((100)*(8000000/4000.0)));
   856  0706  3002               	movlw	2
   857  0707  00F7               	movwf	??_main+2
   858  0708  3004               	movlw	4
   859  0709  00F6               	movwf	??_main+1
   860  070A  30BA               	movlw	186
   861  070B  00F5               	movwf	??_main
   862  070C                     u457:	
   863  070C  0BF5               	decfsz	??_main,f
   864  070D  2F0C               	goto	u457
   865  070E  0BF6               	decfsz	??_main+1,f
   866  070F  2F0C               	goto	u457
   867  0710  0BF7               	decfsz	??_main+2,f
   868  0711  2F0C               	goto	u457
   869  0712  0000               	nop
   870                           
   871                           ;newmain.c: 199: PORTAbits.RA1 = 0;
   872  0713  1283               	bcf	3,5	;RP0=0, select bank0
   873  0714  1303               	bcf	3,6	;RP1=0, select bank0
   874  0715  1085               	bcf	5,1	;volatile
   875  0716  3001               	movlw	1
   876  0717  07B7               	addwf	main@k,f
   877  0718  1803               	skipnc
   878  0719  0AB8               	incf	main@k+1,f
   879  071A  3000               	movlw	0
   880  071B  07B8               	addwf	main@k+1,f
   881  071C  0838               	movf	main@k+1,w
   882  071D  3A80               	xorlw	128
   883  071E  00FF               	movwf	127
   884  071F  3080               	movlw	128
   885  0720  027F               	subwf	127,w
   886  0721  1D03               	skipz
   887  0722  2F25               	goto	u375
   888  0723  303B               	movlw	59
   889  0724  0237               	subwf	main@k,w
   890  0725                     u375:	
   891  0725  1C03               	skipc
   892  0726  2EF6               	goto	l987
   893  0727                     l999:	
   894                           
   895                           ;newmain.c: 200: }
   896                           ;newmain.c: 201: va2 = 1;
   897  0727  3001               	movlw	1
   898  0728  1283               	bcf	3,5	;RP0=0, select bank0
   899  0729  1303               	bcf	3,6	;RP1=0, select bank0
   900  072A  00A8               	movwf	main@va2
   901  072B  3000               	movlw	0
   902  072C  00A9               	movwf	main@va2+1
   903  072D  2DD3               	goto	l1001
   904  072E                     l1003:	
   905                           
   906                           ;newmain.c: 202: }
   907                           ;newmain.c: 203: }
   908                           ;newmain.c: 204: writeEEPROM(0x8E , 0x77);
   909  072E  3077               	movlw	119
   910  072F  00F5               	movwf	??_main
   911  0730  0875               	movf	??_main,w
   912  0731  00F0               	movwf	writeEEPROM@datas
   913  0732  308E               	movlw	142
   914  0733  120A  118A  2516  120A  118A  	fcall	_writeEEPROM
   915                           
   916                           ;newmain.c: 205: writeEEPROM(0x8F , cont);
   917  0738  1283               	bcf	3,5	;RP0=0, select bank0
   918  0739  1303               	bcf	3,6	;RP1=0, select bank0
   919  073A  082E               	movf	main@cont,w
   920  073B  00F5               	movwf	??_main
   921  073C  0875               	movf	??_main,w
   922  073D  00F0               	movwf	writeEEPROM@datas
   923  073E  308F               	movlw	143
   924  073F  120A  118A  2516  120A  118A  	fcall	_writeEEPROM
   925  0744                     l99:	
   926                           
   927                           ;newmain.c: 206: }
   928                           ;newmain.c: 207: USARTWriteChar(0x20);
   929  0744  3020               	movlw	32
   930  0745  120A  118A  24EC  120A  118A  	fcall	_USARTWriteChar
   931                           
   932                           ;newmain.c: 208: if(UART_Read() == 0x3F)
   933  074A  120A  118A  24FC  120A  118A  	fcall	_UART_Read
   934  074F  3A3F               	xorlw	63
   935  0750  1D03               	skipz
   936  0751  2DC6               	goto	l903
   937                           
   938                           ;newmain.c: 209: {
   939                           ;newmain.c: 210: for(int u=0 ; u < readEEPROM(0x8F) ; u++)
   940  0752  1283               	bcf	3,5	;RP0=0, select bank0
   941  0753  1303               	bcf	3,6	;RP1=0, select bank0
   942  0754  01B2               	clrf	main@u
   943  0755  01B3               	clrf	main@u+1
   944  0756                     l1019:	
   945  0756  308F               	movlw	143
   946  0757  120A  118A  2509  120A  118A  	fcall	_readEEPROM
   947  075C  00F5               	movwf	??_main
   948  075D  1283               	bcf	3,5	;RP0=0, select bank0
   949  075E  1303               	bcf	3,6	;RP1=0, select bank0
   950  075F  0833               	movf	main@u+1,w
   951  0760  3A80               	xorlw	128
   952  0761  00F6               	movwf	??_main+1
   953  0762  3080               	movlw	128
   954  0763  0276               	subwf	??_main+1,w
   955  0764  1D03               	skipz
   956  0765  2F68               	goto	u405
   957  0766  0875               	movf	??_main,w
   958  0767  0232               	subwf	main@u,w
   959  0768                     u405:	
   960  0768  1803               	btfsc	3,0
   961  0769  2F91               	goto	l1021
   962                           
   963                           ;newmain.c: 211: {
   964                           ;newmain.c: 212: USARTWriteChar(readEEPROM(u));
   965  076A  1283               	bcf	3,5	;RP0=0, select bank0
   966  076B  1303               	bcf	3,6	;RP1=0, select bank0
   967  076C  0832               	movf	main@u,w
   968  076D  120A  118A  2509  120A  118A  	fcall	_readEEPROM
   969  0772  120A  118A  24EC  120A  118A  	fcall	_USARTWriteChar
   970                           
   971                           ;newmain.c: 213: PORTAbits.RA1 = 1;
   972  0777  1283               	bcf	3,5	;RP0=0, select bank0
   973  0778  1303               	bcf	3,6	;RP1=0, select bank0
   974  0779  1485               	bsf	5,1	;volatile
   975                           
   976                           ;newmain.c: 214: _delay((unsigned long)((100)*(8000000/4000.0)));
   977  077A  3002               	movlw	2
   978  077B  00F7               	movwf	??_main+2
   979  077C  3004               	movlw	4
   980  077D  00F6               	movwf	??_main+1
   981  077E  30BA               	movlw	186
   982  077F  00F5               	movwf	??_main
   983  0780                     u467:	
   984  0780  0BF5               	decfsz	??_main,f
   985  0781  2F80               	goto	u467
   986  0782  0BF6               	decfsz	??_main+1,f
   987  0783  2F80               	goto	u467
   988  0784  0BF7               	decfsz	??_main+2,f
   989  0785  2F80               	goto	u467
   990  0786  0000               	nop
   991                           
   992                           ;newmain.c: 215: PORTAbits.RA1 = 0;
   993  0787  1283               	bcf	3,5	;RP0=0, select bank0
   994  0788  1303               	bcf	3,6	;RP1=0, select bank0
   995  0789  1085               	bcf	5,1	;volatile
   996  078A  3001               	movlw	1
   997  078B  07B2               	addwf	main@u,f
   998  078C  1803               	skipnc
   999  078D  0AB3               	incf	main@u+1,f
  1000  078E  3000               	movlw	0
  1001  078F  07B3               	addwf	main@u+1,f
  1002  0790  2F56               	goto	l1019
  1003  0791                     l1021:	
  1004                           
  1005                           ;newmain.c: 216: }
  1006                           ;newmain.c: 217: USARTWriteChar(0x20);
  1007  0791  3020               	movlw	32
  1008  0792  120A  118A  24EC  120A  118A  	fcall	_USARTWriteChar
  1009                           
  1010                           ;newmain.c: 218: for(int w=52 ; w < 59 ; w++)
  1011  0797  3034               	movlw	52
  1012  0798  1283               	bcf	3,5	;RP0=0, select bank0
  1013  0799  1303               	bcf	3,6	;RP1=0, select bank0
  1014  079A  00B9               	movwf	main@w
  1015  079B  3000               	movlw	0
  1016  079C  00BA               	movwf	main@w+1
  1017  079D                     L1:	
  1018  079D  083A               	movf	main@w+1,w
  1019  079E  3A80               	xorlw	128
  1020  079F  00FF               	movwf	127
  1021  07A0  3080               	movlw	128
  1022  07A1  027F               	subwf	127,w
  1023  07A2  1D03               	skipz
  1024  07A3  2FA6               	goto	u415
  1025  07A4  303B               	movlw	59
  1026  07A5  0239               	subwf	main@w,w
  1027  07A6                     u415:	
  1028  07A6  1803               	btfsc	3,0
  1029  07A7  2DC6               	goto	l903
  1030                           
  1031                           ;newmain.c: 219: {
  1032                           ;newmain.c: 220: USARTWriteChar(readEEPROM(w));
  1033  07A8  1283               	bcf	3,5	;RP0=0, select bank0
  1034  07A9  1303               	bcf	3,6	;RP1=0, select bank0
  1035  07AA  0839               	movf	main@w,w
  1036  07AB  120A  118A  2509  120A  118A  	fcall	_readEEPROM
  1037  07B0  120A  118A  24EC  120A  118A  	fcall	_USARTWriteChar
  1038                           
  1039                           ;newmain.c: 221: PORTAbits.RA1 = 1;
  1040  07B5  1283               	bcf	3,5	;RP0=0, select bank0
  1041  07B6  1303               	bcf	3,6	;RP1=0, select bank0
  1042  07B7  1485               	bsf	5,1	;volatile
  1043                           
  1044                           ;newmain.c: 222: _delay((unsigned long)((100)*(8000000/4000.0)));
  1045  07B8  3002               	movlw	2
  1046  07B9  00F7               	movwf	??_main+2
  1047  07BA  3004               	movlw	4
  1048  07BB  00F6               	movwf	??_main+1
  1049  07BC  30BA               	movlw	186
  1050  07BD  00F5               	movwf	??_main
  1051  07BE                     u477:	
  1052  07BE  0BF5               	decfsz	??_main,f
  1053  07BF  2FBE               	goto	u477
  1054  07C0  0BF6               	decfsz	??_main+1,f
  1055  07C1  2FBE               	goto	u477
  1056  07C2  0BF7               	decfsz	??_main+2,f
  1057  07C3  2FBE               	goto	u477
  1058  07C4  0000               	nop
  1059                           
  1060                           ;newmain.c: 223: PORTAbits.RA1 = 0;
  1061  07C5  1283               	bcf	3,5	;RP0=0, select bank0
  1062  07C6  1303               	bcf	3,6	;RP1=0, select bank0
  1063  07C7  1085               	bcf	5,1	;volatile
  1064  07C8  3001               	movlw	1
  1065  07C9  07B9               	addwf	main@w,f
  1066  07CA  1803               	skipnc
  1067  07CB  0ABA               	incf	main@w+1,f
  1068  07CC  3000               	movlw	0
  1069  07CD  07BA               	addwf	main@w+1,f
  1070  07CE  2F9D               	goto	L1
  1071  07CF                     __end_of_main:	
  1072                           ;newmain.c: 224: }
  1073                           ;newmain.c: 225: }
  1074                           ;newmain.c: 226: }
  1075                           ;newmain.c: 227: return;
  1076                           
  1077                           
  1078                           	psect	text1
  1079  0516                     __ptext1:	
  1080 ;; *************** function _writeEEPROM *****************
  1081 ;; Defined at:
  1082 ;;		line 90 in file "newmain.c"
  1083 ;; Parameters:    Size  Location     Type
  1084 ;;  address         1    wreg     unsigned char 
  1085 ;;  datas           1    0[COMMON] unsigned char 
  1086 ;; Auto vars:     Size  Location     Type
  1087 ;;  address         1    2[COMMON] unsigned char 
  1088 ;;  INTCON_SAVE     1    3[COMMON] unsigned char 
  1089 ;; Return value:  Size  Location     Type
  1090 ;;                  1    wreg      void 
  1091 ;; Registers used:
  1092 ;;		wreg, status,2
  1093 ;; Tracked objects:
  1094 ;;		On entry : 0/0
  1095 ;;		On exit  : 0/0
  1096 ;;		Unchanged: 0/0
  1097 ;; Data sizes:     COMMON   BANK0   BANK1   BANK3   BANK2
  1098 ;;      Params:         1       0       0       0       0
  1099 ;;      Locals:         2       0       0       0       0
  1100 ;;      Temps:          1       0       0       0       0
  1101 ;;      Totals:         4       0       0       0       0
  1102 ;;Total ram usage:        4 bytes
  1103 ;; Hardware stack levels used:    1
  1104 ;; This function calls:
  1105 ;;		Nothing
  1106 ;; This function is called by:
  1107 ;;		_main
  1108 ;; This function uses a non-reentrant model
  1109 ;;
  1110                           
  1111                           
  1112                           ;psect for function _writeEEPROM
  1113  0516                     _writeEEPROM:	
  1114                           
  1115                           ;incstack = 0
  1116                           ; Regs used in _writeEEPROM: [wreg+status,2]
  1117                           ;writeEEPROM@address stored from wreg
  1118  0516  00F2               	movwf	writeEEPROM@address
  1119                           
  1120                           ;newmain.c: 92: unsigned char INTCON_SAVE;
  1121                           ;newmain.c: 93: EEADR = address;
  1122  0517  0872               	movf	writeEEPROM@address,w
  1123  0518  1283               	bcf	3,5	;RP0=0, select bank2
  1124  0519  1703               	bsf	3,6	;RP1=1, select bank2
  1125  051A  008D               	movwf	13	;volatile
  1126                           
  1127                           ;newmain.c: 94: EEDATA = datas;
  1128  051B  0870               	movf	writeEEPROM@datas,w
  1129  051C  008C               	movwf	12	;volatile
  1130                           
  1131                           ;newmain.c: 95: EECON1bits.EEPGD = 0;
  1132  051D  1683               	bsf	3,5	;RP0=1, select bank3
  1133  051E  1703               	bsf	3,6	;RP1=1, select bank3
  1134  051F  138C               	bcf	12,7	;volsfr
  1135                           
  1136                           ;newmain.c: 96: EECON1bits.WREN = 1;
  1137  0520  150C               	bsf	12,2	;volsfr
  1138                           
  1139                           ;newmain.c: 97: INTCON_SAVE=INTCON;
  1140  0521  080B               	movf	11,w	;volatile
  1141  0522  00F1               	movwf	??_writeEEPROM
  1142  0523  0871               	movf	??_writeEEPROM,w
  1143  0524  00F3               	movwf	writeEEPROM@INTCON_SAVE
  1144                           
  1145                           ;newmain.c: 98: INTCON=0;
  1146  0525  018B               	clrf	11	;volatile
  1147                           
  1148                           ;newmain.c: 99: EECON2=0x55;
  1149  0526  3055               	movlw	85
  1150  0527  008D               	movwf	13	;volsfr
  1151                           
  1152                           ;newmain.c: 100: EECON2=0xAA;
  1153  0528  30AA               	movlw	170
  1154  0529  008D               	movwf	13	;volsfr
  1155                           
  1156                           ;newmain.c: 101: EECON1bits.WR = 1;
  1157  052A  148C               	bsf	12,1	;volsfr
  1158                           
  1159                           ;newmain.c: 102: INTCON = INTCON_SAVE;
  1160  052B  0873               	movf	writeEEPROM@INTCON_SAVE,w
  1161  052C  008B               	movwf	11	;volatile
  1162                           
  1163                           ;newmain.c: 103: EECON1bits.WREN = 0;
  1164  052D  110C               	bcf	12,2	;volsfr
  1165  052E                     l87:	
  1166                           ;newmain.c: 104: while(PIR2bits.EEIF == 0)
  1167                           
  1168  052E  1283               	bcf	3,5	;RP0=0, select bank0
  1169  052F  1303               	bcf	3,6	;RP1=0, select bank0
  1170  0530  1A0D               	btfsc	13,4	;volatile
  1171  0531  2D34               	goto	l89
  1172                           
  1173                           ;newmain.c: 105: {
  1174                           ;newmain.c: 106: __nop();
  1175  0532  0000               	nop
  1176  0533  2D2E               	goto	l87
  1177  0534                     l89:	
  1178                           
  1179                           ;newmain.c: 107: }
  1180                           ;newmain.c: 108: PIR2bits.EEIF = 0;
  1181  0534  120D               	bcf	13,4	;volatile
  1182  0535  0008               	return
  1183  0536                     __end_of_writeEEPROM:	
  1184                           
  1185                           	psect	text2
  1186  0509                     __ptext2:	
  1187 ;; *************** function _readEEPROM *****************
  1188 ;; Defined at:
  1189 ;;		line 111 in file "newmain.c"
  1190 ;; Parameters:    Size  Location     Type
  1191 ;;  address         1    wreg     unsigned char 
  1192 ;; Auto vars:     Size  Location     Type
  1193 ;;  address         1    0[COMMON] unsigned char 
  1194 ;; Return value:  Size  Location     Type
  1195 ;;                  1    wreg      unsigned char 
  1196 ;; Registers used:
  1197 ;;		wreg
  1198 ;; Tracked objects:
  1199 ;;		On entry : 0/0
  1200 ;;		On exit  : 0/0
  1201 ;;		Unchanged: 0/0
  1202 ;; Data sizes:     COMMON   BANK0   BANK1   BANK3   BANK2
  1203 ;;      Params:         0       0       0       0       0
  1204 ;;      Locals:         1       0       0       0       0
  1205 ;;      Temps:          0       0       0       0       0
  1206 ;;      Totals:         1       0       0       0       0
  1207 ;;Total ram usage:        1 bytes
  1208 ;; Hardware stack levels used:    1
  1209 ;; This function calls:
  1210 ;;		Nothing
  1211 ;; This function is called by:
  1212 ;;		_main
  1213 ;; This function uses a non-reentrant model
  1214 ;;
  1215                           
  1216                           
  1217                           ;psect for function _readEEPROM
  1218  0509                     _readEEPROM:	
  1219                           
  1220                           ;incstack = 0
  1221                           ; Regs used in _readEEPROM: [wreg]
  1222                           ;readEEPROM@address stored from wreg
  1223  0509  00F0               	movwf	readEEPROM@address
  1224                           
  1225                           ;newmain.c: 113: EEADR = address;
  1226  050A  0870               	movf	readEEPROM@address,w
  1227  050B  1283               	bcf	3,5	;RP0=0, select bank2
  1228  050C  1703               	bsf	3,6	;RP1=1, select bank2
  1229  050D  008D               	movwf	13	;volatile
  1230                           
  1231                           ;newmain.c: 114: EECON1bits.EEPGD = 0;
  1232  050E  1683               	bsf	3,5	;RP0=1, select bank3
  1233  050F  1703               	bsf	3,6	;RP1=1, select bank3
  1234  0510  138C               	bcf	12,7	;volsfr
  1235                           
  1236                           ;newmain.c: 115: EECON1bits.RD = 1;
  1237  0511  140C               	bsf	12,0	;volsfr
  1238                           
  1239                           ;newmain.c: 116: return EEDATA;
  1240  0512  1283               	bcf	3,5	;RP0=0, select bank2
  1241  0513  1703               	bsf	3,6	;RP1=1, select bank2
  1242  0514  080C               	movf	12,w	;volatile
  1243  0515  0008               	return
  1244  0516                     __end_of_readEEPROM:	
  1245                           
  1246                           	psect	text3
  1247  04EC                     __ptext3:	
  1248 ;; *************** function _USARTWriteChar *****************
  1249 ;; Defined at:
  1250 ;;		line 83 in file "newmain.c"
  1251 ;; Parameters:    Size  Location     Type
  1252 ;;  ch              1    wreg     unsigned char 
  1253 ;; Auto vars:     Size  Location     Type
  1254 ;;  ch              1    0[COMMON] unsigned char 
  1255 ;; Return value:  Size  Location     Type
  1256 ;;                  1    wreg      void 
  1257 ;; Registers used:
  1258 ;;		wreg
  1259 ;; Tracked objects:
  1260 ;;		On entry : 0/0
  1261 ;;		On exit  : 0/0
  1262 ;;		Unchanged: 0/0
  1263 ;; Data sizes:     COMMON   BANK0   BANK1   BANK3   BANK2
  1264 ;;      Params:         0       0       0       0       0
  1265 ;;      Locals:         1       0       0       0       0
  1266 ;;      Temps:          0       0       0       0       0
  1267 ;;      Totals:         1       0       0       0       0
  1268 ;;Total ram usage:        1 bytes
  1269 ;; Hardware stack levels used:    1
  1270 ;; This function calls:
  1271 ;;		Nothing
  1272 ;; This function is called by:
  1273 ;;		_main
  1274 ;; This function uses a non-reentrant model
  1275 ;;
  1276                           
  1277                           
  1278                           ;psect for function _USARTWriteChar
  1279  04EC                     _USARTWriteChar:	
  1280                           
  1281                           ;incstack = 0
  1282                           ; Regs used in _USARTWriteChar: [wreg]
  1283                           ;USARTWriteChar@ch stored from wreg
  1284  04EC  00F0               	movwf	USARTWriteChar@ch
  1285  04ED                     l81:	
  1286                           ;newmain.c: 85: while(!PIR1bits.TXIF);
  1287                           
  1288  04ED  1283               	bcf	3,5	;RP0=0, select bank0
  1289  04EE  1303               	bcf	3,6	;RP1=0, select bank0
  1290  04EF  1E0C               	btfss	12,4	;volatile
  1291  04F0  2CED               	goto	l81
  1292                           
  1293                           ;newmain.c: 87: TXREG=ch;
  1294  04F1  0870               	movf	USARTWriteChar@ch,w
  1295  04F2  0099               	movwf	25	;volatile
  1296  04F3  0008               	return
  1297  04F4                     __end_of_USARTWriteChar:	
  1298                           
  1299                           	psect	text4
  1300  0536                     __ptext4:	
  1301 ;; *************** function _USARTInit *****************
  1302 ;; Defined at:
  1303 ;;		line 28 in file "newmain.c"
  1304 ;; Parameters:    Size  Location     Type
  1305 ;;  baud_rate       2    0[COMMON] unsigned int 
  1306 ;; Auto vars:     Size  Location     Type
  1307 ;;		None
  1308 ;; Return value:  Size  Location     Type
  1309 ;;                  1    wreg      void 
  1310 ;; Registers used:
  1311 ;;		wreg, fsr0l, fsr0h, status,2, status,0
  1312 ;; Tracked objects:
  1313 ;;		On entry : 0/0
  1314 ;;		On exit  : 0/0
  1315 ;;		Unchanged: 0/0
  1316 ;; Data sizes:     COMMON   BANK0   BANK1   BANK3   BANK2
  1317 ;;      Params:         2       0       0       0       0
  1318 ;;      Locals:         0       0       0       0       0
  1319 ;;      Temps:          1       0       0       0       0
  1320 ;;      Totals:         3       0       0       0       0
  1321 ;;Total ram usage:        3 bytes
  1322 ;; Hardware stack levels used:    1
  1323 ;; This function calls:
  1324 ;;		Nothing
  1325 ;; This function is called by:
  1326 ;;		_main
  1327 ;; This function uses a non-reentrant model
  1328 ;;
  1329                           
  1330                           
  1331                           ;psect for function _USARTInit
  1332  0536                     _USARTInit:	
  1333                           
  1334                           ;newmain.c: 31: UQFront=UQEnd=-1;
  1335                           
  1336                           ;incstack = 0
  1337                           ; Regs used in _USARTInit: [wreg-fsr0h+status,2+status,0]
  1338  0536  30FF               	movlw	255
  1339  0537  00F8               	movwf	_UQEnd	;volatile
  1340  0538  00F2               	movwf	??_USARTInit
  1341  0539  0872               	movf	??_USARTInit,w
  1342  053A  00F9               	movwf	_UQFront	;volatile
  1343                           
  1344                           ;newmain.c: 34: switch(baud_rate)
  1345  053B  2D41               	goto	l831
  1346  053C                     l827:	
  1347                           ;newmain.c: 35: {
  1348                           ;newmain.c: 36: case 9600:
  1349                           
  1350                           
  1351                           ;newmain.c: 37: SPBRG=0x33;
  1352  053C  3033               	movlw	51
  1353  053D  1683               	bsf	3,5	;RP0=1, select bank1
  1354  053E  1303               	bcf	3,6	;RP1=0, select bank1
  1355  053F  0099               	movwf	25	;volatile
  1356                           
  1357                           ;newmain.c: 39: }
  1358                           
  1359                           ;newmain.c: 38: break;
  1360  0540  2D4B               	goto	l65
  1361  0541                     l831:	
  1362                           
  1363                           ; Switch on 2 bytes has been partitioned into a top level switch of size 1, and 1 sub-sw
      +                          itches
  1364                           ; Switch size 1, requested type "space"
  1365                           ; Number of cases is 1, Range of values is 37 to 37
  1366                           ; switch strategies available:
  1367                           ; Name         Instructions Cycles
  1368                           ; simple_byte            4     3 (average)
  1369                           ; direct_byte           14    11 (fixed)
  1370                           ; jumptable            263     9 (fixed)
  1371                           ;	Chosen strategy is simple_byte
  1372  0541  0871               	movf	USARTInit@baud_rate+1,w
  1373  0542  3A25               	xorlw	37	; case 37
  1374  0543  1903               	skipnz
  1375  0544  2D46               	goto	l1061
  1376  0545  2D4B               	goto	l65
  1377  0546                     l1061:	
  1378                           
  1379                           ; Switch size 1, requested type "space"
  1380                           ; Number of cases is 1, Range of values is 128 to 128
  1381                           ; switch strategies available:
  1382                           ; Name         Instructions Cycles
  1383                           ; simple_byte            4     3 (average)
  1384                           ; direct_byte           14    11 (fixed)
  1385                           ; jumptable            263     9 (fixed)
  1386                           ;	Chosen strategy is simple_byte
  1387  0546  0870               	movf	USARTInit@baud_rate,w
  1388  0547  3A80               	xorlw	128	; case 128
  1389  0548  1903               	skipnz
  1390  0549  2D3C               	goto	l827
  1391  054A  2D4B               	goto	l65
  1392  054B                     l65:	
  1393                           
  1394                           ;newmain.c: 41: TXSTAbits.TX9=0;
  1395  054B  1683               	bsf	3,5	;RP0=1, select bank1
  1396  054C  1303               	bcf	3,6	;RP1=0, select bank1
  1397  054D  1318               	bcf	24,6	;volatile
  1398                           
  1399                           ;newmain.c: 42: TXSTAbits.TXEN=1;
  1400  054E  1698               	bsf	24,5	;volatile
  1401                           
  1402                           ;newmain.c: 43: TXSTAbits.SYNC=0;
  1403  054F  1218               	bcf	24,4	;volatile
  1404                           
  1405                           ;newmain.c: 44: TXSTAbits.BRGH=1;
  1406  0550  1518               	bsf	24,2	;volatile
  1407                           
  1408                           ;newmain.c: 47: RCSTAbits.SPEN=1;
  1409  0551  1283               	bcf	3,5	;RP0=0, select bank0
  1410  0552  1303               	bcf	3,6	;RP1=0, select bank0
  1411  0553  1798               	bsf	24,7	;volatile
  1412                           
  1413                           ;newmain.c: 48: RCSTAbits.RX9=0;
  1414  0554  1318               	bcf	24,6	;volatile
  1415                           
  1416                           ;newmain.c: 49: RCSTAbits.CREN=1;
  1417  0555  1618               	bsf	24,4	;volatile
  1418                           
  1419                           ;newmain.c: 50: RCSTAbits.ADDEN=0;
  1420  0556  1198               	bcf	24,3	;volatile
  1421                           
  1422                           ;newmain.c: 52: BAUDCTLbits.BRG16 = 0;
  1423  0557  1683               	bsf	3,5	;RP0=1, select bank3
  1424  0558  1703               	bsf	3,6	;RP1=1, select bank3
  1425  0559  1187               	bcf	7,3	;volatile
  1426                           
  1427                           ;newmain.c: 55: PIE1bits.RCIE=1;
  1428  055A  1683               	bsf	3,5	;RP0=1, select bank1
  1429  055B  1303               	bcf	3,6	;RP1=0, select bank1
  1430  055C  168C               	bsf	12,5	;volatile
  1431                           
  1432                           ;newmain.c: 56: INTCONbits.PEIE=1;
  1433  055D  170B               	bsf	11,6	;volatile
  1434                           
  1435                           ;newmain.c: 58: (GIE = 1);
  1436  055E  178B               	bsf	11,7	;volatile
  1437  055F  0008               	return
  1438  0560                     __end_of_USARTInit:	
  1439                           
  1440                           	psect	text5
  1441  04FC                     __ptext5:	
  1442 ;; *************** function _UART_Read *****************
  1443 ;; Defined at:
  1444 ;;		line 61 in file "newmain.c"
  1445 ;; Parameters:    Size  Location     Type
  1446 ;;		None
  1447 ;; Auto vars:     Size  Location     Type
  1448 ;;		None
  1449 ;; Return value:  Size  Location     Type
  1450 ;;                  1    wreg      unsigned char 
  1451 ;; Registers used:
  1452 ;;		wreg
  1453 ;; Tracked objects:
  1454 ;;		On entry : 0/0
  1455 ;;		On exit  : 0/0
  1456 ;;		Unchanged: 0/0
  1457 ;; Data sizes:     COMMON   BANK0   BANK1   BANK3   BANK2
  1458 ;;      Params:         0       0       0       0       0
  1459 ;;      Locals:         0       0       0       0       0
  1460 ;;      Temps:          0       0       0       0       0
  1461 ;;      Totals:         0       0       0       0       0
  1462 ;;Total ram usage:        0 bytes
  1463 ;; Hardware stack levels used:    1
  1464 ;; This function calls:
  1465 ;;		Nothing
  1466 ;; This function is called by:
  1467 ;;		_main
  1468 ;; This function uses a non-reentrant model
  1469 ;;
  1470                           
  1471                           
  1472                           ;psect for function _UART_Read
  1473  04FC                     _UART_Read:	
  1474                           
  1475                           ;newmain.c: 63: PIE1bits.RCIE = 1;
  1476                           
  1477                           ;incstack = 0
  1478                           ; Regs used in _UART_Read: [wreg]
  1479  04FC  1683               	bsf	3,5	;RP0=1, select bank1
  1480  04FD  1303               	bcf	3,6	;RP1=0, select bank1
  1481  04FE  168C               	bsf	12,5	;volatile
  1482  04FF                     l69:	
  1483                           ;newmain.c: 64: while(!RCIF);
  1484                           
  1485  04FF  1283               	bcf	3,5	;RP0=0, select bank0
  1486  0500  1E8C               	btfss	12,5	;volatile
  1487  0501  2CFF               	goto	l69
  1488                           
  1489                           ;newmain.c: 65: PIE1bits.RCIE = 0;
  1490  0502  1683               	bsf	3,5	;RP0=1, select bank1
  1491  0503  1303               	bcf	3,6	;RP1=0, select bank1
  1492  0504  128C               	bcf	12,5	;volatile
  1493                           
  1494                           ;newmain.c: 66: return RCREG;
  1495  0505  1283               	bcf	3,5	;RP0=0, select bank0
  1496  0506  1303               	bcf	3,6	;RP1=0, select bank0
  1497  0507  081A               	movf	26,w	;volatile
  1498  0508  0008               	return
  1499  0509                     __end_of_UART_Read:	
  1500                           
  1501                           	psect	text6
  1502  0560                     __ptext6:	
  1503 ;; *************** function _Test *****************
  1504 ;; Defined at:
  1505 ;;		line 69 in file "newmain.c"
  1506 ;; Parameters:    Size  Location     Type
  1507 ;;		None
  1508 ;; Auto vars:     Size  Location     Type
  1509 ;;  d               2    3[COMMON] int 
  1510 ;; Return value:  Size  Location     Type
  1511 ;;                  1    wreg      void 
  1512 ;; Registers used:
  1513 ;;		wreg, status,2, status,0
  1514 ;; Tracked objects:
  1515 ;;		On entry : 0/0
  1516 ;;		On exit  : 0/0
  1517 ;;		Unchanged: 0/0
  1518 ;; Data sizes:     COMMON   BANK0   BANK1   BANK3   BANK2
  1519 ;;      Params:         0       0       0       0       0
  1520 ;;      Locals:         2       0       0       0       0
  1521 ;;      Temps:          3       0       0       0       0
  1522 ;;      Totals:         5       0       0       0       0
  1523 ;;Total ram usage:        5 bytes
  1524 ;; Hardware stack levels used:    1
  1525 ;; This function calls:
  1526 ;;		Nothing
  1527 ;; This function is called by:
  1528 ;;		_main
  1529 ;; This function uses a non-reentrant model
  1530 ;;
  1531                           
  1532                           
  1533                           ;psect for function _Test
  1534  0560                     _Test:	
  1535                           
  1536                           ;newmain.c: 71: int d =0;
  1537                           
  1538                           ;incstack = 0
  1539                           ; Regs used in _Test: [wreg+status,2+status,0]
  1540  0560  01F3               	clrf	Test@d
  1541  0561  01F4               	clrf	Test@d+1
  1542  0562                     l849:	
  1543                           ;newmain.c: 72: while(d != 5)
  1544                           
  1545  0562  3005               	movlw	5
  1546  0563  0673               	xorwf	Test@d,w
  1547  0564  0474               	iorwf	Test@d+1,w
  1548  0565  1903               	btfsc	3,2
  1549  0566  0008               	return
  1550                           
  1551                           ;newmain.c: 73: {
  1552                           ;newmain.c: 74: PORTAbits.RA1 = 1;
  1553  0567  1283               	bcf	3,5	;RP0=0, select bank0
  1554  0568  1303               	bcf	3,6	;RP1=0, select bank0
  1555  0569  1485               	bsf	5,1	;volatile
  1556                           
  1557                           ;newmain.c: 75: _delay((unsigned long)((100)*(8000000/4000.0)));
  1558  056A  3002               	movlw	2
  1559  056B  00F2               	movwf	??_Test+2
  1560  056C  3004               	movlw	4
  1561  056D  00F1               	movwf	??_Test+1
  1562  056E  30BA               	movlw	186
  1563  056F  00F0               	movwf	??_Test
  1564  0570                     u487:	
  1565  0570  0BF0               	decfsz	??_Test,f
  1566  0571  2D70               	goto	u487
  1567  0572  0BF1               	decfsz	??_Test+1,f
  1568  0573  2D70               	goto	u487
  1569  0574  0BF2               	decfsz	??_Test+2,f
  1570  0575  2D70               	goto	u487
  1571  0576  0000               	nop
  1572                           
  1573                           ;newmain.c: 76: PORTAbits.RA1 = 0;
  1574  0577  1283               	bcf	3,5	;RP0=0, select bank0
  1575  0578  1303               	bcf	3,6	;RP1=0, select bank0
  1576  0579  1085               	bcf	5,1	;volatile
  1577                           
  1578                           ;newmain.c: 77: _delay((unsigned long)((100)*(8000000/4000.0)));
  1579  057A  3002               	movlw	2
  1580  057B  00F2               	movwf	??_Test+2
  1581  057C  3004               	movlw	4
  1582  057D  00F1               	movwf	??_Test+1
  1583  057E  30BA               	movlw	186
  1584  057F  00F0               	movwf	??_Test
  1585  0580                     u497:	
  1586  0580  0BF0               	decfsz	??_Test,f
  1587  0581  2D80               	goto	u497
  1588  0582  0BF1               	decfsz	??_Test+1,f
  1589  0583  2D80               	goto	u497
  1590  0584  0BF2               	decfsz	??_Test+2,f
  1591  0585  2D80               	goto	u497
  1592  0586  0000               	nop
  1593                           
  1594                           ;newmain.c: 78: d++;
  1595  0587  3001               	movlw	1
  1596  0588  07F3               	addwf	Test@d,f
  1597  0589  1803               	skipnc
  1598  058A  0AF4               	incf	Test@d+1,f
  1599  058B  3000               	movlw	0
  1600  058C  07F4               	addwf	Test@d+1,f
  1601  058D  2D62               	goto	l849
  1602  058E                     __end_of_Test:	
  1603  007E                     btemp	set	126	;btemp
  1604  007E                     wtemp	set	126
  1605  007E                     wtemp0	set	126
  1606  0080                     wtemp1	set	128
  1607  0082                     wtemp2	set	130
  1608  0084                     wtemp3	set	132
  1609  0086                     wtemp4	set	134
  1610  0088                     wtemp5	set	136
  1611  007F                     wtemp6	set	127
  1612  007E                     ttemp	set	126
  1613  007E                     ttemp0	set	126
  1614  0081                     ttemp1	set	129
  1615  0084                     ttemp2	set	132
  1616  0087                     ttemp3	set	135
  1617  007F                     ttemp4	set	127
  1618  007E                     ltemp	set	126
  1619  007E                     ltemp0	set	126
  1620  0082                     ltemp1	set	130
  1621  0086                     ltemp2	set	134
  1622  0080                     ltemp3	set	128


Data Sizes:
    Strings     0
    Constant    0
    Data        6
    BSS         66
    Persistent  0
    Stack       0

Auto Spaces:
    Space          Size  Autos    Used
    COMMON           14      8      10
    BANK0            80     29      35
    BANK1            80      0      64
    BANK3            96      0       0
    BANK2            96      0       0

Pointer List with Targets:

    None.

Critical Paths under _main in COMMON

    _main->_Test

Critical Paths under _main in BANK0

    None.

Critical Paths under _main in BANK1

    None.

Critical Paths under _main in BANK3

    None.

Critical Paths under _main in BANK2

    None.

Call Graph Tables:

 ---------------------------------------------------------------------------------
 (Depth) Function   	        Calls       Base Space   Used Autos Params    Refs
 ---------------------------------------------------------------------------------
 (0) _main                                                32    32      0     982
                                              5 COMMON     3     3      0
                                              0 BANK0     29    29      0
                               _Test
                          _UART_Read
                          _USARTInit
                     _USARTWriteChar
                         _readEEPROM
                        _writeEEPROM
 ---------------------------------------------------------------------------------
 (1) _writeEEPROM                                          4     3      1     279
                                              0 COMMON     4     3      1
 ---------------------------------------------------------------------------------
 (1) _readEEPROM                                           1     1      0      22
                                              0 COMMON     1     1      0
 ---------------------------------------------------------------------------------
 (1) _USARTWriteChar                                       1     1      0      22
                                              0 COMMON     1     1      0
 ---------------------------------------------------------------------------------
 (1) _USARTInit                                            3     1      2      75
                                              0 COMMON     3     1      2
 ---------------------------------------------------------------------------------
 (1) _UART_Read                                            0     0      0       0
 ---------------------------------------------------------------------------------
 (1) _Test                                                 5     5      0      24
                                              0 COMMON     5     5      0
 ---------------------------------------------------------------------------------
 Estimated maximum stack depth 1
 ---------------------------------------------------------------------------------

 Call Graph Graphs:

 _main (ROOT)
   _Test
   _UART_Read
   _USARTInit
   _USARTWriteChar
   _readEEPROM
   _writeEEPROM

 Address spaces:
Name               Size   Autos  Total    Cost      Usage
BANK3               60      0       0       9        0.0%
BITBANK3            60      0       0       8        0.0%
SFR3                 0      0       0       4        0.0%
BITSFR3              0      0       0       4        0.0%
BANK2               60      0       0      11        0.0%
BITBANK2            60      0       0      10        0.0%
SFR2                 0      0       0       5        0.0%
BITSFR2              0      0       0       5        0.0%
BANK1               50      0      40       7       80.0%
BITBANK1            50      0       0       6        0.0%
SFR1                 0      0       0       2        0.0%
BITSFR1              0      0       0       2        0.0%
BANK0               50     1D      23       5       43.8%
BITBANK0            50      0       0       4        0.0%
SFR0                 0      0       0       1        0.0%
BITSFR0              0      0       0       1        0.0%
COMMON               E      8       A       1       71.4%
BITCOMMON            E      0       0       0        0.0%
CODE                 0      0       0       0        0.0%
DATA                 0      0      6D      12        0.0%
ABS                  0      0      6D       3        0.0%
NULL                 0      0       0       0        0.0%
STACK                0      0       0       2        0.0%
EEDATA             100      0       0       0        0.0%


Microchip Technology PIC Macro Assembler V1.38 build -256452561 
Symbol Table                                                                                   Mon Aug 15 16:01:30 2016

             __CFG_CP$OFF 0000                        l65 054B                        l81 04ED  
                      l69 04FF                        l87 052E                        l89 0534  
                      l99 0744                        fsr 0004        USARTInit@baud_rate 0070  
                     l102 05E6                       l831 0541                       l903 05C6  
                     l921 060E                       l827 053C                       l925 061A  
                     l951 0644                       l849 0562                       l953 0679  
                     l929 062D                       l981 06E7                       l965 067B  
                     l967 06AE                       l987 06F6                       l979 06B2  
                     _GIE 005F                       l999 0727                       u405 0768  
                     u415 07A6                       u335 0685              __CFG_CPD$OFF 0000  
                     u275 05E4                       u365 06F4                       u437 05EF  
                     u375 0725                       u447 069D                       u295 062B  
                     u457 070C                       u467 0780                       u477 07BE  
                     u487 0570                       u497 0580                       fsr0 0004  
                     indf 0000              __CFG_IESO$ON 0000               main@addresW 002C  
            __CFG_LVP$OFF 0000                      l1001 05D3                      l1003 072E  
                    l1021 0791                      l1019 0756                      l1061 0546  
                    _RCIF 0065              __CFG_WRT$OFF 0000    __end_of_USARTWriteChar 04F4  
           __CFG_FCMEN$ON 0000                      _Test 0560                      _main 058E  
                    btemp 007E             __CFG_BOREN$ON 0000                      ltemp 007E  
                    start 0000                      ttemp 007E                      wtemp 007E  
            main@addresW1 002D             __CFG_MCLRE$ON 0000               _writeEEPROM 0516  
                   ?_Test 0070        writeEEPROM@address 0072                     ?_main 0070  
                   _EEADR 010D             __CFG_WDTE$OFF 0000          USARTWriteChar@ch 0070  
                   _RCREG 001A                     _SPBRG 0099                     _PORTA 0005  
                   _PORTB 0006                     _PORTD 0008                     _TRISA 0085  
                   _TRISB 0086                     _TRISD 0088                     _TXREG 0019  
                   _UQEnd 0078                     Test@d 0073        __size_of_UART_Read 000D  
                   main@i 003B                     main@j 0030                     main@k 0037  
                   main@u 0032                     main@w 0039                     main@y 0036  
                   ltemp0 007E                     ltemp1 0082                     ltemp2 0086  
                   ltemp3 0080        __size_of_USARTInit 002A           ?_USARTWriteChar 0070  
                   ttemp0 007E                     ttemp1 0081                     ttemp2 0084  
                   ttemp3 0087                     ttemp4 007F                     status 0003  
                   wtemp0 007E                     wtemp1 0080                     wtemp2 0082  
                   wtemp3 0084                     wtemp4 0086                     wtemp5 0088  
                   wtemp6 007F           __initialization 07CF              __end_of_Test 058E  
            __end_of_main 07CF                    ??_Test 0070                    ??_main 0075  
                  _EEDATA 010C                    _EECON2 018D                    _INTCON 000B  
                  _URBuff 00A0            __CFG_PWRTE$OFF 0000         __end_of_UART_Read 0509  
       __end_of_USARTInit 0560                    main@v1 0034                    main@va 002A  
 __end_of__initialization 07FC            __pcstackCOMMON 0070              __pidataBANK0 04E6  
              __pbssBANK1 00A0                __pmaintext 058E              ?_writeEEPROM 0070  
        ??_USARTWriteChar 0070                   _UQFront 0079                _readEEPROM 0509  
                 __ptext1 0516                   __ptext2 0509                   __ptext3 04EC  
                 __ptext4 0536                   __ptext5 04FC                   __ptext6 0560  
                 main@va2 0028                   clrloop0 04F5                   main@pwd 0020  
    end_of_initialization 07FC                 _RCSTAbits 0018                 _UART_Read 04FC  
               _PORTAbits 0005                 _USARTInit 0536         readEEPROM@address 0070  
             ?_readEEPROM 0070          writeEEPROM@datas 0070                 _TXSTAbits 0098  
    __size_of_writeEEPROM 0020                ?_UART_Read 0070               _BAUDCTLbits 0187  
  writeEEPROM@INTCON_SAVE 0073       start_initialization 07CF                ?_USARTInit 0070  
__CFG_FOSC$INTRC_NOCLKOUT 0000               __pdataBANK0 003D       __size_of_readEEPROM 000D  
             __pbssCOMMON 0078                 ___latbits 0002             __pcstackBANK0 0020  
             ??_UART_Read 0070               ??_USARTInit 0072                 clear_ram0 04F4  
                _PIE1bits 008C                  _PIR1bits 000C                  _PIR2bits 000D  
               main@F1709 003D                 main@cont1 0026              ??_readEEPROM 0070  
              _EECON1bits 018C   __size_of_USARTWriteChar 0008        __end_of_readEEPROM 0516  
       __CFG_BOR4V$BOR40V 0000             __size_of_Test 002E             __size_of_main 0241  
           ??_writeEEPROM 0071                  main@cont 002E                _INTCONbits 000B  
              _OSCCONbits 008F       __end_of_writeEEPROM 0536            _USARTWriteChar 04EC  
